composeApp/build/intermediates/manifest_merge_blame_file/debug/processDebugMainManifest/manifest-merger-blame-debug-report.txt
1<?xml version="1.0" encoding="utf-8"?>
2<manifest xmlns:android="http://schemas.android.com/apk/res/android"
3    package="com.ratnesh.callrecordsummary"
4    android:versionCode="1"
5    android:versionName="1.0" >
6
7    <uses-sdk
8        android:minSdkVersion="24"
9        android:targetSdkVersion="36" />
10
11    <!-- Permissions for call recording summary feature -->
12    <uses-permission android:name="android.permission.RECORD_AUDIO" />
12-->src/androidMain/AndroidManifest.xml:5:5-71
12-->src/androidMain/AndroidManifest.xml:5:22-68
13    <uses-permission android:name="android.permission.READ_EXTERNAL_STORAGE" />
13-->src/androidMain/AndroidManifest.xml:6:5-80
13-->src/androidMain/AndroidManifest.xml:6:22-77
14    <uses-permission android:name="android.permission.READ_MEDIA_AUDIO" />
14-->src/androidMain/AndroidManifest.xml:7:5-75
14-->src/androidMain/AndroidManifest.xml:7:22-72
15    <uses-permission
15-->src/androidMain/AndroidManifest.xml:8:5-9:38
16        android:name="android.permission.MANAGE_EXTERNAL_STORAGE"
16-->src/androidMain/AndroidManifest.xml:8:22-79
17        android:minSdkVersion="30" />
17-->src/androidMain/AndroidManifest.xml:9:9-35
18    <uses-permission android:name="android.permission.INTERNET" />
18-->[com.google.firebase:firebase-auth:23.0.0] AndroidManifest.xml:25:5-67
18-->[com.google.firebase:firebase-auth:23.0.0] AndroidManifest.xml:25:22-64
19    <uses-permission android:name="android.permission.ACCESS_NETWORK_STATE" />
19-->[com.google.firebase:firebase-auth:23.0.0] AndroidManifest.xml:26:5-79
19-->[com.google.firebase:firebase-auth:23.0.0] AndroidManifest.xml:26:22-76
20    <uses-permission android:name="com.google.android.providers.gsf.permission.READ_GSERVICES" />
20-->[com.google.android.recaptcha:recaptcha:18.4.0] AndroidManifest.xml:9:5-98
20-->[com.google.android.recaptcha:recaptcha:18.4.0] AndroidManifest.xml:9:22-95
21
22    <permission
22-->[androidx.core:core:1.17.0] AndroidManifest.xml:22:5-24:47
23        android:name="com.ratnesh.callrecordsummary.DYNAMIC_RECEIVER_NOT_EXPORTED_PERMISSION"
23-->[androidx.core:core:1.17.0] AndroidManifest.xml:23:9-81
24        android:protectionLevel="signature" />
24-->[androidx.core:core:1.17.0] AndroidManifest.xml:24:9-44
25
26    <uses-permission android:name="com.ratnesh.callrecordsummary.DYNAMIC_RECEIVER_NOT_EXPORTED_PERMISSION" />
26-->[androidx.core:core:1.17.0] AndroidManifest.xml:26:5-97
26-->[androidx.core:core:1.17.0] AndroidManifest.xml:26:22-94
27
28    <application
28-->src/androidMain/AndroidManifest.xml:11:5-28:19
29        android:name="com.ratnesh.callrecordsummary.CallRecordSummaryApplication"
29-->src/androidMain/AndroidManifest.xml:12:9-53
30        android:allowBackup="true"
30-->src/androidMain/AndroidManifest.xml:13:9-35
31        android:appComponentFactory="androidx.core.app.CoreComponentFactory"
31-->[androidx.core:core:1.17.0] AndroidManifest.xml:28:18-86
32        android:debuggable="true"
33        android:extractNativeLibs="false"
34        android:icon="@mipmap/ic_launcher"
34-->src/androidMain/AndroidManifest.xml:14:9-43
35        android:label="@string/app_name"
35-->src/androidMain/AndroidManifest.xml:15:9-41
36        android:roundIcon="@mipmap/ic_launcher_round"
36-->src/androidMain/AndroidManifest.xml:16:9-54
37        android:supportsRtl="true"
37-->src/androidMain/AndroidManifest.xml:17:9-35
38        android:testOnly="true"
39        android:theme="@android:style/Theme.Material.Light.NoActionBar" >
39-->src/androidMain/AndroidManifest.xml:18:9-72
40        <activity
40-->src/androidMain/AndroidManifest.xml:19:9-27:20
41            android:name="com.ratnesh.callrecordsummary.MainActivity"
41-->src/androidMain/AndroidManifest.xml:21:13-41
42            android:exported="true" >
42-->src/androidMain/AndroidManifest.xml:20:13-36
43            <intent-filter>
43-->src/androidMain/AndroidManifest.xml:22:13-26:29
44                <action android:name="android.intent.action.MAIN" />
44-->src/androidMain/AndroidManifest.xml:23:17-69
44-->src/androidMain/AndroidManifest.xml:23:25-66
45
46                <category android:name="android.intent.category.LAUNCHER" />
46-->src/androidMain/AndroidManifest.xml:25:17-77
46-->src/androidMain/AndroidManifest.xml:25:27-74
47            </intent-filter>
48        </activity>
49        <activity
49-->[com.google.firebase:firebase-auth:23.0.0] AndroidManifest.xml:29:9-46:20
50            android:name="com.google.firebase.auth.internal.GenericIdpActivity"
50-->[com.google.firebase:firebase-auth:23.0.0] AndroidManifest.xml:30:13-80
51            android:excludeFromRecents="true"
51-->[com.google.firebase:firebase-auth:23.0.0] AndroidManifest.xml:31:13-46
52            android:exported="true"
52-->[com.google.firebase:firebase-auth:23.0.0] AndroidManifest.xml:32:13-36
53            android:launchMode="singleTask"
53-->[com.google.firebase:firebase-auth:23.0.0] AndroidManifest.xml:33:13-44
54            android:theme="@android:style/Theme.Translucent.NoTitleBar" >
54-->[com.google.firebase:firebase-auth:23.0.0] AndroidManifest.xml:34:13-72
55            <intent-filter>
55-->[com.google.firebase:firebase-auth:23.0.0] AndroidManifest.xml:35:13-45:29
56                <action android:name="android.intent.action.VIEW" />
56-->[com.google.firebase:firebase-auth:23.0.0] AndroidManifest.xml:36:17-69
56-->[com.google.firebase:firebase-auth:23.0.0] AndroidManifest.xml:36:25-66
57
58                <category android:name="android.intent.category.DEFAULT" />
58-->[com.google.firebase:firebase-auth:23.0.0] AndroidManifest.xml:38:17-76
58-->[com.google.firebase:firebase-auth:23.0.0] AndroidManifest.xml:38:27-73
59                <category android:name="android.intent.category.BROWSABLE" />
59-->[com.google.firebase:firebase-auth:23.0.0] AndroidManifest.xml:39:17-78
59-->[com.google.firebase:firebase-auth:23.0.0] AndroidManifest.xml:39:27-75
60
61                <data
61-->[com.google.firebase:firebase-auth:23.0.0] AndroidManifest.xml:41:17-44:51
62                    android:host="firebase.auth"
62-->[com.google.firebase:firebase-auth:23.0.0] AndroidManifest.xml:42:21-49
63                    android:path="/"
63-->[com.google.firebase:firebase-auth:23.0.0] AndroidManifest.xml:43:21-37
64                    android:scheme="genericidp" />
64-->[com.google.firebase:firebase-auth:23.0.0] AndroidManifest.xml:44:21-48
65            </intent-filter>
66        </activity>
67        <activity
67-->[com.google.firebase:firebase-auth:23.0.0] AndroidManifest.xml:47:9-64:20
68            android:name="com.google.firebase.auth.internal.RecaptchaActivity"
68-->[com.google.firebase:firebase-auth:23.0.0] AndroidManifest.xml:48:13-79
69            android:excludeFromRecents="true"
69-->[com.google.firebase:firebase-auth:23.0.0] AndroidManifest.xml:49:13-46
70            android:exported="true"
70-->[com.google.firebase:firebase-auth:23.0.0] AndroidManifest.xml:50:13-36
71            android:launchMode="singleTask"
71-->[com.google.firebase:firebase-auth:23.0.0] AndroidManifest.xml:51:13-44
72            android:theme="@android:style/Theme.Translucent.NoTitleBar" >
72-->[com.google.firebase:firebase-auth:23.0.0] AndroidManifest.xml:52:13-72
73            <intent-filter>
73-->[com.google.firebase:firebase-auth:23.0.0] AndroidManifest.xml:53:13-63:29
74                <action android:name="android.intent.action.VIEW" />
74-->[com.google.firebase:firebase-auth:23.0.0] AndroidManifest.xml:36:17-69
74-->[com.google.firebase:firebase-auth:23.0.0] AndroidManifest.xml:36:25-66
75
76                <category android:name="android.intent.category.DEFAULT" />
76-->[com.google.firebase:firebase-auth:23.0.0] AndroidManifest.xml:38:17-76
76-->[com.google.firebase:firebase-auth:23.0.0] AndroidManifest.xml:38:27-73
77                <category android:name="android.intent.category.BROWSABLE" />
77-->[com.google.firebase:firebase-auth:23.0.0] AndroidManifest.xml:39:17-78
77-->[com.google.firebase:firebase-auth:23.0.0] AndroidManifest.xml:39:27-75
78
79                <data
79-->[com.google.firebase:firebase-auth:23.0.0] AndroidManifest.xml:41:17-44:51
80                    android:host="firebase.auth"
80-->[com.google.firebase:firebase-auth:23.0.0] AndroidManifest.xml:42:21-49
81                    android:path="/"
81-->[com.google.firebase:firebase-auth:23.0.0] AndroidManifest.xml:43:21-37
82                    android:scheme="recaptcha" />
82-->[com.google.firebase:firebase-auth:23.0.0] AndroidManifest.xml:44:21-48
83            </intent-filter>
84        </activity>
85
86        <service
86-->[com.google.firebase:firebase-auth:23.0.0] AndroidManifest.xml:66:9-72:19
87            android:name="com.google.firebase.components.ComponentDiscoveryService"
87-->[com.google.firebase:firebase-auth:23.0.0] AndroidManifest.xml:67:13-84
88            android:directBootAware="true"
88-->[com.google.firebase:firebase-common:22.0.0] AndroidManifest.xml:32:13-43
89            android:exported="false" >
89-->[com.google.firebase:firebase-auth:23.0.0] AndroidManifest.xml:68:13-37
90            <meta-data
90-->[com.google.firebase:firebase-auth:23.0.0] AndroidManifest.xml:69:13-71:85
91                android:name="com.google.firebase.components:com.google.firebase.auth.FirebaseAuthRegistrar"
91-->[com.google.firebase:firebase-auth:23.0.0] AndroidManifest.xml:70:17-109
92                android:value="com.google.firebase.components.ComponentRegistrar" />
92-->[com.google.firebase:firebase-auth:23.0.0] AndroidManifest.xml:71:17-82
93            <meta-data
93-->[com.google.firebase:firebase-ai:17.0.0] AndroidManifest.xml:31:13-33:85
94                android:name="com.google.firebase.components:com.google.firebase.ai.FirebaseAIRegistrar"
94-->[com.google.firebase:firebase-ai:17.0.0] AndroidManifest.xml:32:17-105
95                android:value="com.google.firebase.components.ComponentRegistrar" />
95-->[com.google.firebase:firebase-ai:17.0.0] AndroidManifest.xml:33:17-82
96            <meta-data
96-->[com.google.firebase:firebase-common-ktx:21.0.0] AndroidManifest.xml:12:13-14:85
97                android:name="com.google.firebase.components:com.google.firebase.ktx.FirebaseCommonLegacyRegistrar"
97-->[com.google.firebase:firebase-common-ktx:21.0.0] AndroidManifest.xml:13:17-116
98                android:value="com.google.firebase.components.ComponentRegistrar" />
98-->[com.google.firebase:firebase-common-ktx:21.0.0] AndroidManifest.xml:14:17-82
99            <meta-data
99-->[com.google.firebase:firebase-common:22.0.0] AndroidManifest.xml:35:13-37:85
100                android:name="com.google.firebase.components:com.google.firebase.FirebaseCommonKtxRegistrar"
100-->[com.google.firebase:firebase-common:22.0.0] AndroidManifest.xml:36:17-109
101                android:value="com.google.firebase.components.ComponentRegistrar" />
101-->[com.google.firebase:firebase-common:22.0.0] AndroidManifest.xml:37:17-82
102        </service>
103
104        <provider
104-->[com.google.firebase:firebase-common:22.0.0] AndroidManifest.xml:23:9-28:39
105            android:name="com.google.firebase.provider.FirebaseInitProvider"
105-->[com.google.firebase:firebase-common:22.0.0] AndroidManifest.xml:24:13-77
106            android:authorities="com.ratnesh.callrecordsummary.firebaseinitprovider"
106-->[com.google.firebase:firebase-common:22.0.0] AndroidManifest.xml:25:13-72
107            android:directBootAware="true"
107-->[com.google.firebase:firebase-common:22.0.0] AndroidManifest.xml:26:13-43
108            android:exported="false"
108-->[com.google.firebase:firebase-common:22.0.0] AndroidManifest.xml:27:13-37
109            android:initOrder="100" />
109-->[com.google.firebase:firebase-common:22.0.0] AndroidManifest.xml:28:13-36
110
111        <service
111-->[androidx.credentials:credentials-play-services-auth:1.2.0-rc01] AndroidManifest.xml:24:9-32:19
112            android:name="androidx.credentials.playservices.CredentialProviderMetadataHolder"
112-->[androidx.credentials:credentials-play-services-auth:1.2.0-rc01] AndroidManifest.xml:25:13-94
113            android:enabled="true"
113-->[androidx.credentials:credentials-play-services-auth:1.2.0-rc01] AndroidManifest.xml:26:13-35
114            android:exported="false" >
114-->[androidx.credentials:credentials-play-services-auth:1.2.0-rc01] AndroidManifest.xml:27:13-37
115            <meta-data
115-->[androidx.credentials:credentials-play-services-auth:1.2.0-rc01] AndroidManifest.xml:29:13-31:104
116                android:name="androidx.credentials.CREDENTIAL_PROVIDER_KEY"
116-->[androidx.credentials:credentials-play-services-auth:1.2.0-rc01] AndroidManifest.xml:30:17-76
117                android:value="androidx.credentials.playservices.CredentialProviderPlayServicesImpl" />
117-->[androidx.credentials:credentials-play-services-auth:1.2.0-rc01] AndroidManifest.xml:31:17-101
118        </service>
119
120        <activity
120-->[androidx.credentials:credentials-play-services-auth:1.2.0-rc01] AndroidManifest.xml:34:9-41:20
121            android:name="androidx.credentials.playservices.HiddenActivity"
121-->[androidx.credentials:credentials-play-services-auth:1.2.0-rc01] AndroidManifest.xml:35:13-76
122            android:configChanges="orientation|screenSize|screenLayout|keyboardHidden"
122-->[androidx.credentials:credentials-play-services-auth:1.2.0-rc01] AndroidManifest.xml:36:13-87
123            android:enabled="true"
123-->[androidx.credentials:credentials-play-services-auth:1.2.0-rc01] AndroidManifest.xml:37:13-35
124            android:exported="false"
124-->[androidx.credentials:credentials-play-services-auth:1.2.0-rc01] AndroidManifest.xml:38:13-37
125            android:fitsSystemWindows="true"
125-->[androidx.credentials:credentials-play-services-auth:1.2.0-rc01] AndroidManifest.xml:39:13-45
126            android:theme="@style/Theme.Hidden" >
126-->[androidx.credentials:credentials-play-services-auth:1.2.0-rc01] AndroidManifest.xml:40:13-48
127        </activity>
128        <activity
128-->[com.google.android.gms:play-services-auth:20.7.0] AndroidManifest.xml:23:9-27:75
129            android:name="com.google.android.gms.auth.api.signin.internal.SignInHubActivity"
129-->[com.google.android.gms:play-services-auth:20.7.0] AndroidManifest.xml:24:13-93
130            android:excludeFromRecents="true"
130-->[com.google.android.gms:play-services-auth:20.7.0] AndroidManifest.xml:25:13-46
131            android:exported="false"
131-->[com.google.android.gms:play-services-auth:20.7.0] AndroidManifest.xml:26:13-37
132            android:theme="@android:style/Theme.Translucent.NoTitleBar" />
132-->[com.google.android.gms:play-services-auth:20.7.0] AndroidManifest.xml:27:13-72
133        <!--
134            Service handling Google Sign-In user revocation. For apps that do not integrate with
135            Google Sign-In, this service will never be started.
136        -->
137        <service
137-->[com.google.android.gms:play-services-auth:20.7.0] AndroidManifest.xml:33:9-37:51
138            android:name="com.google.android.gms.auth.api.signin.RevocationBoundService"
138-->[com.google.android.gms:play-services-auth:20.7.0] AndroidManifest.xml:34:13-89
139            android:exported="true"
139-->[com.google.android.gms:play-services-auth:20.7.0] AndroidManifest.xml:35:13-36
140            android:permission="com.google.android.gms.auth.api.signin.permission.REVOCATION_NOTIFICATION"
140-->[com.google.android.gms:play-services-auth:20.7.0] AndroidManifest.xml:36:13-107
141            android:visibleToInstantApps="true" />
141-->[com.google.android.gms:play-services-auth:20.7.0] AndroidManifest.xml:37:13-48
142
143        <provider
143-->[org.jetbrains.compose.components:components-resources-android:1.9.0] AndroidManifest.xml:8:9-13:20
144            android:name="org.jetbrains.compose.resources.AndroidContextProvider"
144-->[org.jetbrains.compose.components:components-resources-android:1.9.0] AndroidManifest.xml:9:13-82
145            android:authorities="com.ratnesh.callrecordsummary.resources.AndroidContextProvider"
145-->[org.jetbrains.compose.components:components-resources-android:1.9.0] AndroidManifest.xml:10:13-84
146            android:enabled="true"
146-->[org.jetbrains.compose.components:components-resources-android:1.9.0] AndroidManifest.xml:11:13-35
147            android:exported="false" >
147-->[org.jetbrains.compose.components:components-resources-android:1.9.0] AndroidManifest.xml:12:13-37
148        </provider>
149
150        <activity
150-->[androidx.compose.ui:ui-tooling-android:1.9.0] AndroidManifest.xml:23:9-25:39
151            android:name="androidx.compose.ui.tooling.PreviewActivity"
151-->[androidx.compose.ui:ui-tooling-android:1.9.0] AndroidManifest.xml:24:13-71
152            android:exported="true" />
152-->[androidx.compose.ui:ui-tooling-android:1.9.0] AndroidManifest.xml:25:13-36
153
154        <provider
154-->[androidx.emoji2:emoji2:1.4.0] AndroidManifest.xml:24:9-32:20
155            android:name="androidx.startup.InitializationProvider"
155-->[androidx.emoji2:emoji2:1.4.0] AndroidManifest.xml:25:13-67
156            android:authorities="com.ratnesh.callrecordsummary.androidx-startup"
156-->[androidx.emoji2:emoji2:1.4.0] AndroidManifest.xml:26:13-68
157            android:exported="false" >
157-->[androidx.emoji2:emoji2:1.4.0] AndroidManifest.xml:27:13-37
158            <meta-data
158-->[androidx.emoji2:emoji2:1.4.0] AndroidManifest.xml:29:13-31:52
159                android:name="androidx.emoji2.text.EmojiCompatInitializer"
159-->[androidx.emoji2:emoji2:1.4.0] AndroidManifest.xml:30:17-75
160                android:value="androidx.startup" />
160-->[androidx.emoji2:emoji2:1.4.0] AndroidManifest.xml:31:17-49
161            <meta-data
161-->[androidx.lifecycle:lifecycle-process:2.9.4] AndroidManifest.xml:29:13-31:52
162                android:name="androidx.lifecycle.ProcessLifecycleInitializer"
162-->[androidx.lifecycle:lifecycle-process:2.9.4] AndroidManifest.xml:30:17-78
163                android:value="androidx.startup" />
163-->[androidx.lifecycle:lifecycle-process:2.9.4] AndroidManifest.xml:31:17-49
164            <meta-data
164-->[androidx.profileinstaller:profileinstaller:1.4.0] AndroidManifest.xml:29:13-31:52
165                android:name="androidx.profileinstaller.ProfileInstallerInitializer"
165-->[androidx.profileinstaller:profileinstaller:1.4.0] AndroidManifest.xml:30:17-85
166                android:value="androidx.startup" />
166-->[androidx.profileinstaller:profileinstaller:1.4.0] AndroidManifest.xml:31:17-49
167        </provider>
168
169        <activity
169-->[com.google.android.gms:play-services-base:18.0.1] AndroidManifest.xml:20:9-22:45
170            android:name="com.google.android.gms.common.api.GoogleApiActivity"
170-->[com.google.android.gms:play-services-base:18.0.1] AndroidManifest.xml:20:19-85
171            android:exported="false"
171-->[com.google.android.gms:play-services-base:18.0.1] AndroidManifest.xml:22:19-43
172            android:theme="@android:style/Theme.Translucent.NoTitleBar" />
172-->[com.google.android.gms:play-services-base:18.0.1] AndroidManifest.xml:21:19-78
173
174        <service
174-->[androidx.room:room-runtime:2.6.1] AndroidManifest.xml:24:9-28:63
175            android:name="androidx.room.MultiInstanceInvalidationService"
175-->[androidx.room:room-runtime:2.6.1] AndroidManifest.xml:25:13-74
176            android:directBootAware="true"
176-->[androidx.room:room-runtime:2.6.1] AndroidManifest.xml:26:13-43
177            android:exported="false" />
177-->[androidx.room:room-runtime:2.6.1] AndroidManifest.xml:27:13-37
178
179        <receiver
179-->[androidx.profileinstaller:profileinstaller:1.4.0] AndroidManifest.xml:34:9-52:20
180            android:name="androidx.profileinstaller.ProfileInstallReceiver"
180-->[androidx.profileinstaller:profileinstaller:1.4.0] AndroidManifest.xml:35:13-76
181            android:directBootAware="false"
181-->[androidx.profileinstaller:profileinstaller:1.4.0] AndroidManifest.xml:36:13-44
182            android:enabled="true"
182-->[androidx.profileinstaller:profileinstaller:1.4.0] AndroidManifest.xml:37:13-35
183            android:exported="true"
183-->[androidx.profileinstaller:profileinstaller:1.4.0] AndroidManifest.xml:38:13-36
184            android:permission="android.permission.DUMP" >
184-->[androidx.profileinstaller:profileinstaller:1.4.0] AndroidManifest.xml:39:13-57
185            <intent-filter>
185-->[androidx.profileinstaller:profileinstaller:1.4.0] AndroidManifest.xml:40:13-42:29
186                <action android:name="androidx.profileinstaller.action.INSTALL_PROFILE" />
186-->[androidx.profileinstaller:profileinstaller:1.4.0] AndroidManifest.xml:41:17-91
186-->[androidx.profileinstaller:profileinstaller:1.4.0] AndroidManifest.xml:41:25-88
187            </intent-filter>
188            <intent-filter>
188-->[androidx.profileinstaller:profileinstaller:1.4.0] AndroidManifest.xml:43:13-45:29
189                <action android:name="androidx.profileinstaller.action.SKIP_FILE" />
189-->[androidx.profileinstaller:profileinstaller:1.4.0] AndroidManifest.xml:44:17-85
189-->[androidx.profileinstaller:profileinstaller:1.4.0] AndroidManifest.xml:44:25-82
190            </intent-filter>
191            <intent-filter>
191-->[androidx.profileinstaller:profileinstaller:1.4.0] AndroidManifest.xml:46:13-48:29
192                <action android:name="androidx.profileinstaller.action.SAVE_PROFILE" />
192-->[androidx.profileinstaller:profileinstaller:1.4.0] AndroidManifest.xml:47:17-88
192-->[androidx.profileinstaller:profileinstaller:1.4.0] AndroidManifest.xml:47:25-85
193            </intent-filter>
194            <intent-filter>
194-->[androidx.profileinstaller:profileinstaller:1.4.0] AndroidManifest.xml:49:13-51:29
195                <action android:name="androidx.profileinstaller.action.BENCHMARK_OPERATION" />
195-->[androidx.profileinstaller:profileinstaller:1.4.0] AndroidManifest.xml:50:17-95
195-->[androidx.profileinstaller:profileinstaller:1.4.0] AndroidManifest.xml:50:25-92
196            </intent-filter>
197        </receiver>
198
199        <meta-data
199-->[com.google.android.gms:play-services-basement:18.3.0] AndroidManifest.xml:21:9-23:69
200            android:name="com.google.android.gms.version"
200-->[com.google.android.gms:play-services-basement:18.3.0] AndroidManifest.xml:22:13-58
201            android:value="@integer/google_play_services_version" />
201-->[com.google.android.gms:play-services-basement:18.3.0] AndroidManifest.xml:23:13-66
202    </application>
203
204</manifest>